<?xml version="1.0" encoding="UTF-8"?>
<!-- Generated by org.testng.reporters.JUnitXMLReporter -->
<testsuite ignored="2" hostname="DESKTOP-N6IH19R" failures="0" tests="1" name="Regression(failed)" time="0.064" errors="0" timestamp="2026-01-24T23:55:29 CST">
  <testcase classname="testngassert.TestNGAssert" name="testngAssert1" time="0.016"/>
  <testcase classname="testngassert.TestNGAssert" name="testngAssert2" time="0.0">
    <ignored/>
  </testcase> <!-- testngAssert2 -->
  <testcase classname="testngassert.TestNGAssert" name="testngAssert3" time="0.0">
    <ignored/>
  </testcase> <!-- testngAssert3 -->
</testsuite> <!-- Regression(failed) -->
