<?xml version="1.0" encoding="UTF-8"?>
<!-- Generated by org.testng.reporters.JUnitXMLReporter -->
<testsuite ignored="0" hostname="DESKTOP-N6IH19R" failures="1" tests="6" name="Regression" time="0.037" errors="0" timestamp="2026-01-24T23:51:05 CST">
  <testcase classname="testngassert.TestNGAssert" name="testngAssert1" time="0.009">
    <failure type="java.lang.AssertionError" message="value did not match expected [10] but found [11]">
      <![CDATA[java.lang.AssertionError: value did not match expected [10] but found [11]
at testngassert.TestNGAssert.testngAssert1(TestNGAssert.java:17)
at java.base/java.util.ArrayList.forEach(ArrayList.java:1596)
... Removed 31 stack frames]]>
    </failure>
  </testcase> <!-- testngAssert1 -->
  <testcase classname="testngassert.TestNGAssert" name="testngAssert2" time="0.002"/>
  <testcase classname="testngassert.TestNGAssert" name="testngAssert3" time="0.002"/>
  <testcase classname="testngassert.TestNGAssert2" name="testassert1" time="0.004"/>
  <testcase classname="testngassert.TestNGDependency" name="loginApp" time="0.001"/>
  <testcase classname="testngassert.TestNGDependency" name="logoutApp" time="0.001"/>
</testsuite> <!-- Regression -->
