<?xml version="1.0" encoding="UTF-8"?>
<!-- Generated by org.testng.reporters.JUnitXMLReporter -->
<testsuite ignored="0" hostname="DESKTOP-N6IH19R" failures="0" tests="6" name="SmokeTest" time="0.088" errors="0" timestamp="2026-01-24T23:51:05 CST">
  <testcase classname="firstTestngProgram.LoginScenario" name="LoginApp" time="0.007"/>
  <testcase classname="firstTestngProgram.LoginScenario" name="AddToCart" time="0.001"/>
  <testcase classname="firstTestngProgram.LoginScenario" name="LogoutApp" time="0.0"/>
  <testcase classname="firstTestngProgram.MyFirstTestNG" name="test1" time="0.001"/>
  <testcase classname="firstTestngProgram.MyFirstTestNG" name="test2" time="0.001"/>
  <testcase classname="firstTestngProgram.MyFirstTestNG" name="test3" time="0.002"/>
</testsuite> <!-- SmokeTest -->
