<?xml version="1.0" encoding="UTF-8"?>
<!-- Generated by org.testng.reporters.JUnitReportReporter -->
<testsuite hostname="DESKTOP-N6IH19R" failures="0" tests="3" name="firstTestngProgram.MyFirstTestNG" time="0.023" errors="0" timestamp="2026-01-27T09:27:58 CST" skipped="0">
  <testcase classname="firstTestngProgram.MyFirstTestNG" name="test3" time="0.001"/>
  <testcase classname="firstTestngProgram.MyFirstTestNG" name="test1" time="0.020"/>
  <testcase classname="firstTestngProgram.MyFirstTestNG" name="test2" time="0.002"/>
</testsuite> <!-- firstTestngProgram.MyFirstTestNG -->
