<?xml version="1.0" encoding="UTF-8"?>
<!-- Generated by org.testng.reporters.JUnitReportReporter -->
<testsuite hostname="DESKTOP-N6IH19R" failures="0" tests="3" name="firstTestngProgram.LoginScenario" time="0.008" errors="0" timestamp="2026-01-24T23:51:06 CST" skipped="0">
  <testcase classname="firstTestngProgram.LoginScenario" name="LoginApp" time="0.007"/>
  <testcase classname="firstTestngProgram.LoginScenario" name="AddToCart" time="0.001"/>
  <testcase classname="firstTestngProgram.LoginScenario" name="LogoutApp" time="0.000"/>
</testsuite> <!-- firstTestngProgram.LoginScenario -->
