<?xml version="1.0" encoding="UTF-8"?>
<!-- Generated by org.testng.reporters.JUnitReportReporter -->
<testsuite hostname="DESKTOP-N6IH19R" failures="0" tests="2" name="interactionwithselenium.SeleniumWithTestNG2" time="4.222" errors="0" timestamp="2026-01-28T14:08:48 CST" skipped="0">
  <testcase classname="interactionwithselenium.SeleniumWithTestNG2" name="verifyTitle" time="2.024"/>
  <testcase classname="interactionwithselenium.SeleniumWithTestNG2" name="verifyURL" time="2.198"/>
</testsuite> <!-- interactionwithselenium.SeleniumWithTestNG2 -->
